#0 building with "default" instance using docker driver

#1 [internal] load build definition from Dockerfile
#1 transferring dockerfile: 147B done
#1 DONE 0.0s

#2 [internal] load metadata for docker.io/library/python:latest
#2 DONE 0.6s

#3 [internal] load .dockerignore
#3 transferring context: 2B done
#3 DONE 0.0s

#4 [1/5] FROM docker.io/library/python:latest@sha256:7859853e7607927aa1d1b1a5a2f9e580ac90c2b66feeb1b77da97fed03b1ccbe
#4 DONE 0.0s

#5 [internal] load build context
#5 transferring context: 2.64kB done
#5 DONE 0.0s

#6 [2/5] WORKDIR /app
#6 CACHED

#7 [3/5] COPY . .
#7 DONE 0.1s

#8 [4/5] RUN pip install -r requirements.txt
#8 2.069 Collecting pandas (from -r requirements.txt (line 1))
#8 2.173   Downloading pandas-2.2.2-cp312-cp312-manylinux_2_17_x86_64.manylinux2014_x86_64.whl.metadata (19 kB)
#8 2.511 Collecting numpy (from -r requirements.txt (line 2))
#8 2.526   Downloading numpy-2.1.1-cp312-cp312-manylinux_2_17_x86_64.manylinux2014_x86_64.whl.metadata (60 kB)
#8 2.675 Collecting requests (from -r requirements.txt (line 3))
#8 2.690   Downloading requests-2.32.3-py3-none-any.whl.metadata (4.6 kB)
#8 2.753 Collecting python-dotenv (from -r requirements.txt (line 4))
#8 2.767   Downloading python_dotenv-1.0.1-py3-none-any.whl.metadata (23 kB)
#8 2.822 Collecting jpholiday (from -r requirements.txt (line 5))
#8 2.837   Downloading jpholiday-0.1.10-py3-none-any.whl.metadata (6.4 kB)
#8 2.906 Collecting python-dateutil>=2.8.2 (from pandas->-r requirements.txt (line 1))
#8 2.920   Downloading python_dateutil-2.9.0.post0-py2.py3-none-any.whl.metadata (8.4 kB)
#8 3.021 Collecting pytz>=2020.1 (from pandas->-r requirements.txt (line 1))
#8 3.035   Downloading pytz-2024.2-py2.py3-none-any.whl.metadata (22 kB)
#8 3.088 Collecting tzdata>=2022.7 (from pandas->-r requirements.txt (line 1))
#8 3.102   Downloading tzdata-2024.1-py2.py3-none-any.whl.metadata (1.4 kB)
#8 3.236 Collecting charset-normalizer<4,>=2 (from requests->-r requirements.txt (line 3))
#8 3.251   Downloading charset_normalizer-3.3.2-cp312-cp312-manylinux_2_17_x86_64.manylinux2014_x86_64.whl.metadata (33 kB)
#8 3.311 Collecting idna<4,>=2.5 (from requests->-r requirements.txt (line 3))
#8 3.325   Downloading idna-3.10-py3-none-any.whl.metadata (10 kB)
#8 3.445 Collecting urllib3<3,>=1.21.1 (from requests->-r requirements.txt (line 3))
#8 3.459   Downloading urllib3-2.2.3-py3-none-any.whl.metadata (6.5 kB)
#8 3.535 Collecting certifi>=2017.4.17 (from requests->-r requirements.txt (line 3))
#8 3.554   Downloading certifi-2024.8.30-py3-none-any.whl.metadata (2.2 kB)
#8 3.620 Collecting six>=1.5 (from python-dateutil>=2.8.2->pandas->-r requirements.txt (line 1))
#8 3.635   Downloading six-1.16.0-py2.py3-none-any.whl.metadata (1.8 kB)
#8 3.678 Downloading pandas-2.2.2-cp312-cp312-manylinux_2_17_x86_64.manylinux2014_x86_64.whl (12.7 MB)
#8 4.991    ━━━━━━━━━━━━━━━━━━━━━━━━━━━━━━━━━━━━━━━━ 12.7/12.7 MB 9.7 MB/s eta 0:00:00
#8 5.011 Downloading numpy-2.1.1-cp312-cp312-manylinux_2_17_x86_64.manylinux2014_x86_64.whl (16.0 MB)
#8 6.536    ━━━━━━━━━━━━━━━━━━━━━━━━━━━━━━━━━━━━━━━━ 16.0/16.0 MB 10.5 MB/s eta 0:00:00
#8 6.553 Downloading requests-2.32.3-py3-none-any.whl (64 kB)
#8 6.596 Downloading python_dotenv-1.0.1-py3-none-any.whl (19 kB)
#8 6.646 Downloading jpholiday-0.1.10-py3-none-any.whl (9.8 kB)
#8 6.684 Downloading certifi-2024.8.30-py3-none-any.whl (167 kB)
#8 6.757 Downloading charset_normalizer-3.3.2-cp312-cp312-manylinux_2_17_x86_64.manylinux2014_x86_64.whl (141 kB)
#8 6.804 Downloading idna-3.10-py3-none-any.whl (70 kB)
#8 6.855 Downloading python_dateutil-2.9.0.post0-py2.py3-none-any.whl (229 kB)
#8 6.934 Downloading pytz-2024.2-py2.py3-none-any.whl (508 kB)
#8 7.016 Downloading tzdata-2024.1-py2.py3-none-any.whl (345 kB)
#8 7.079 Downloading urllib3-2.2.3-py3-none-any.whl (126 kB)
#8 7.125 Downloading six-1.16.0-py2.py3-none-any.whl (11 kB)
#8 7.272 Installing collected packages: pytz, jpholiday, urllib3, tzdata, six, python-dotenv, numpy, idna, charset-normalizer, certifi, requests, python-dateutil, pandas
#8 17.10 Successfully installed certifi-2024.8.30 charset-normalizer-3.3.2 idna-3.10 jpholiday-0.1.10 numpy-2.1.1 pandas-2.2.2 python-dateutil-2.9.0.post0 python-dotenv-1.0.1 pytz-2024.2 requests-2.32.3 six-1.16.0 tzdata-2024.1 urllib3-2.2.3
#8 17.10 WARNING: Running pip as the 'root' user can result in broken permissions and conflicting behaviour with the system package manager, possibly rendering your system unusable.It is recommended to use a virtual environment instead: https://pip.pypa.io/warnings/venv. Use the --root-user-action option if you know what you are doing and want to suppress this warning.
#8 DONE 17.9s

#9 [5/5] RUN ls -a
#9 0.459 .
#9 0.459 ..
#9 0.459 .env
#9 0.459 .git
#9 0.459 .github
#9 0.459 .gitignore
#9 0.459 Dockerfile
#9 0.459 README.md
#9 0.459 app
#9 0.459 build.log
#9 0.459 requirements.txt
#9 0.459 test.bash
#9 DONE 0.5s

#10 exporting to image
#10 exporting layers
#10 exporting layers 1.0s done
#10 writing image sha256:78c710676b0c4a9fa00f601c152f3db7e1f9007047bdcd873230f600c3e6d801 done
#10 naming to docker.io/library/your-image 0.0s done
#10 DONE 1.1s
